****************************************************

Info:  Net Imp:/WORK/ALU_OPER_WIDTH8_OUT_WIDTH16_DW_div_uns_0/remainder[7] is undriven.
Info:  Net Imp:/WORK/ALU_OPER_WIDTH8_OUT_WIDTH16_DW_div_uns_0/remainder[6] is undriven.
Info:  Net Imp:/WORK/ALU_OPER_WIDTH8_OUT_WIDTH16_DW_div_uns_0/remainder[5] is undriven.
Info:  Net Imp:/WORK/ALU_OPER_WIDTH8_OUT_WIDTH16_DW_div_uns_0/remainder[4] is undriven.
Info:  Net Imp:/WORK/ALU_OPER_WIDTH8_OUT_WIDTH16_DW_div_uns_0/remainder[3] is undriven.
Info:  Net Imp:/WORK/ALU_OPER_WIDTH8_OUT_WIDTH16_DW_div_uns_0/remainder[2] is undriven.
Info:  Net Imp:/WORK/ALU_OPER_WIDTH8_OUT_WIDTH16_DW_div_uns_0/remainder[1] is undriven.
Info:  Net Imp:/WORK/ALU_OPER_WIDTH8_OUT_WIDTH16_DW_div_uns_0/remainder[0] is undriven.
Info:  Net Imp:/WORK/ALU_OPER_WIDTH8_OUT_WIDTH16_DW_div_uns_0/divide_by_0 is undriven.
Info:  Net Imp:/WORK/ALU_OPER_WIDTH8_OUT_WIDTH16_DW01_sub_0/CO is undriven.
Info:  Net Imp:/WORK/ALU_OPER_WIDTH8_OUT_WIDTH16_DW01_add_0/CO is undriven.
Info:  Net Imp:/WORK/ALU_OPER_WIDTH8_OUT_WIDTH16_DW01_add_1/CO is undriven.
Info:  guide_uniquify 84 (Line: 574)  Cannot find object "clk_div2_inst/U15" in design 'SYS_TOP'.
Info:  SVF Operation 84 (Line: 574) - uniquify.  Status: rejected
Info:  guide_uniquify 84 (Line: 574)  Cannot find object "clk_div_inst/U15" in design 'SYS_TOP'.
Info:  guide_uniquify 92 (Line: 614)  Cannot find object "alu_inst/dp_cluster_0/mult_38" in design 'SYS_TOP'.
Info:  Pre-verification of Ref:/WORK/ALU_OPER_WIDTH8_OUT_WIDTH16/div_39 SUCCEEDED.
Info:  Pre-verification of Ref:/WORK/ALU_OPER_WIDTH8_OUT_WIDTH16/mult_38 SUCCEEDED.
****************************************************

