 
****************************************
Report : clocks
Design : SYS_TOP
Version: K-2015.06
Date   : Mon Sep 29 02:52:01 2025
****************************************

Attributes:
    d - dont_touch_network
    f - fix_hold
    p - propagated_clock
    G - generated_clock
    g - lib_generated_clock

Clock          Period   Waveform            Attrs     Sources
--------------------------------------------------------------------------------
ALU_Gated_CLK   20.00   {0 10}              G d       {alu_inst/CLK}
REF_CLK         20.00   {0 10}              d         {REF_CLK}
RX_CLK         271.27   {0 135.633}         G d       {uart_inst/RX_CLK}
TX_CLK        8680.54   {0 4340.27}         G d       {uart_inst/TX_CLK}
UART_CLK       271.27   {0 135.633}         d         {UART_CLK}
--------------------------------------------------------------------------------

Generated     Master         Generated      Master         Waveform
Clock         Source         Source         Clock          Modification
--------------------------------------------------------------------------------
ALU_Gated_CLK REF_CLK        {alu_inst/CLK} REF_CLK        divide_by(1)
RX_CLK        UART_CLK       {uart_inst/RX_CLK}
                                            UART_CLK       divide_by(1)
TX_CLK        UART_CLK       {uart_inst/TX_CLK}
                                            UART_CLK       divide_by(32)
--------------------------------------------------------------------------------
1
